Using pre-set license
Built from '2021.3/staging' branch; Version is '2021.3.11f1 (0a5ca18544bf) revision 679073'; Using compiler version '192829333'; Build Type 'Release'
OS: 'Windows 11  (10.0.23403) 64bit Core' Language: 'uk' Physical Memory: 32636 MB
BatchMode: 1, IsHumanControllingUs: 0, StartBugReporterOnCrash: 0, Is64bit: 1, IsPro: 1

COMMAND LINE ARGUMENTS:
C:\Program Files\Unity\Hub\Editor\2021.3.11f1\Editor\Unity.exe
-adb2
-batchMode
-noUpm
-name
AssetImportWorker132
-projectPath
C:/Users/User/Documents/TB/Time Bunny (prototype)
-logFile
Logs/AssetImportWorker132.log
-srvPort
64546
Successfully changed project path to: C:/Users/User/Documents/TB/Time Bunny (prototype)
C:/Users/User/Documents/TB/Time Bunny (prototype)
[UnityMemory] Configuration Parameters - Can be set up in boot.config
    "memorysetup-bucket-allocator-granularity=16"
    "memorysetup-bucket-allocator-bucket-count=8"
    "memorysetup-bucket-allocator-block-size=33554432"
    "memorysetup-bucket-allocator-block-count=8"
    "memorysetup-main-allocator-block-size=16777216"
    "memorysetup-thread-allocator-block-size=16777216"
    "memorysetup-gfx-main-allocator-block-size=16777216"
    "memorysetup-gfx-thread-allocator-block-size=16777216"
    "memorysetup-cache-allocator-block-size=4194304"
    "memorysetup-typetree-allocator-block-size=2097152"
    "memorysetup-profiler-bucket-allocator-granularity=16"
    "memorysetup-profiler-bucket-allocator-bucket-count=8"
    "memorysetup-profiler-bucket-allocator-block-size=33554432"
    "memorysetup-profiler-bucket-allocator-block-count=8"
    "memorysetup-profiler-allocator-block-size=16777216"
    "memorysetup-profiler-editor-allocator-block-size=1048576"
    "memorysetup-temp-allocator-size-main=16777216"
    "memorysetup-job-temp-allocator-block-size=2097152"
    "memorysetup-job-temp-allocator-block-size-background=1048576"
    "memorysetup-job-temp-allocator-reduction-small-platforms=262144"
    "memorysetup-temp-allocator-size-background-worker=32768"
    "memorysetup-temp-allocator-size-job-worker=262144"
    "memorysetup-temp-allocator-size-preload-manager=33554432"
    "memorysetup-temp-allocator-size-nav-mesh-worker=65536"
    "memorysetup-temp-allocator-size-audio-worker=65536"
    "memorysetup-temp-allocator-size-cloud-worker=32768"
    "memorysetup-temp-allocator-size-gi-baking-worker=262144"
    "memorysetup-temp-allocator-size-gfx=262144"
Refreshing native plugins compatible for Editor in 146.15 ms, found 3 plugins.
Preloading 0 native plugins for Editor in 0.00 ms.
Initialize engine version: 2021.3.11f1 (0a5ca18544bf)
[Subsystems] Discovering subsystems at path C:/Program Files/Unity/Hub/Editor/2021.3.11f1/Editor/Data/Resources/UnitySubsystems
[Subsystems] Discovering subsystems at path C:/Users/User/Documents/TB/Time Bunny (prototype)/Assets
GfxDevice: creating device client; threaded=0; jobified=0
Direct3D:
    Version:  Direct3D 11.0 [level 11.1]
    Renderer: NVIDIA GeForce GTX 1650 (ID=0x1f99)
    Vendor:   NVIDIA
    VRAM:     3950 MB
    Driver:   31.0.15.3118
Initialize mono
Mono path[0] = 'C:/Program Files/Unity/Hub/Editor/2021.3.11f1/Editor/Data/Managed'
Mono path[1] = 'C:/Program Files/Unity/Hub/Editor/2021.3.11f1/Editor/Data/MonoBleedingEdge/lib/mono/unityjit-win32'
Mono config path = 'C:/Program Files/Unity/Hub/Editor/2021.3.11f1/Editor/Data/MonoBleedingEdge/etc'
Using monoOptions --debugger-agent=transport=dt_socket,embedding=1,server=y,suspend=n,address=127.0.0.1:56768
Begin MonoManager ReloadAssembly
Registering precompiled unity dll's ...
Register platform support module: C:/Program Files/Unity/Hub/Editor/2021.3.11f1/Editor/Data/PlaybackEngines/WebGLSupport/UnityEditor.WebGL.Extensions.dll
Register platform support module: C:/Program Files/Unity/Hub/Editor/2021.3.11f1/Editor/Data/PlaybackEngines/MacStandaloneSupport/UnityEditor.OSXStandalone.Extensions.dll
Register platform support module: C:/Program Files/Unity/Hub/Editor/2021.3.11f1/Editor/Data/PlaybackEngines/AndroidPlayer/UnityEditor.Android.Extensions.dll
Register platform support module: C:/Program Files/Unity/Hub/Editor/2021.3.11f1/Editor/Data/PlaybackEngines/iOSSupport/UnityEditor.iOS.Extensions.dll
Register platform support module: C:/Program Files/Unity/Hub/Editor/2021.3.11f1/Editor/Data/PlaybackEngines/AppleTVSupport/UnityEditor.AppleTV.Extensions.dll
Register platform support module: C:/Program Files/Unity/Hub/Editor/2021.3.11f1/Editor/Data/PlaybackEngines/WindowsStandaloneSupport/UnityEditor.WindowsStandalone.Extensions.dll
Register platform support module: C:/Program Files/Unity/Hub/Editor/2021.3.11f1/Editor/Data/PlaybackEngines/LinuxStandaloneSupport/UnityEditor.LinuxStandalone.Extensions.dll
Register platform support module: C:/Program Files/Unity/Hub/Editor/2021.3.11f1/Editor/Data/PlaybackEngines/MetroSupport/UnityEditor.UWP.Extensions.dll
Registered in 0.020764 seconds.
Native extension for UWP target not found
Native extension for LinuxStandalone target not found
Native extension for WindowsStandalone target not found
[usbmuxd] Start listen thread
[usbmuxd] Listen thread started
[usbmuxd] Send listen message
Native extension for AppleTV target not found
[usbmuxd] Start listen thread
[usbmuxd] Listen thread started
[usbmuxd] Send listen message
Native extension for iOS target not found
Native extension for Android target not found
Native extension for OSXStandalone target not found
Native extension for WebGL target not found
Refreshing native plugins compatible for Editor in 92.69 ms, found 3 plugins.
Preloading 0 native plugins for Editor in 0.00 ms.
Mono: successfully reloaded assembly
- Completed reload, in  1.010 seconds
Domain Reload Profiling:
	ReloadAssembly (1011ms)
		BeginReloadAssembly (139ms)
			ExecutionOrderSort (0ms)
			DisableScriptedObjects (0ms)
			BackupInstance (0ms)
			ReleaseScriptingObjects (0ms)
			CreateAndSetChildDomain (1ms)
		EndReloadAssembly (686ms)
			LoadAssemblies (140ms)
			RebuildTransferFunctionScriptingTraits (0ms)
			SetupTypeCache (156ms)
			ReleaseScriptCaches (0ms)
			RebuildScriptCaches (41ms)
			SetupLoadedEditorAssemblies (419ms)
				LogAssemblyErrors (0ms)
				InitializePlatformSupportModulesInManaged (99ms)
				SetLoadedEditorAssemblies (1ms)
				RefreshPlugins (93ms)
				BeforeProcessingInitializeOnLoad (3ms)
				ProcessInitializeOnLoadAttributes (159ms)
				ProcessInitializeOnLoadMethodAttributes (64ms)
				AfterProcessingInitializeOnLoad (0ms)
				EditorAssembliesLoaded (0ms)
			ExecutionOrderSort2 (0ms)
			AwakeInstancesAfterBackupRestoration (0ms)
Platform modules already initialized, skipping
Registering precompiled user dll's ...
Registered in 0.007994 seconds.
Begin MonoManager ReloadAssembly
Symbol file LoadedFromMemory doesn't match image C:\Users\User\Documents\TB\Time Bunny (prototype)\Library\PackageCache\com.unity.visualscripting@1.7.8\Editor\VisualScripting.Core\Dependencies\YamlDotNet\Unity.VisualScripting.YamlDotNet.dll
Symbol file LoadedFromMemory doesn't match image C:\Users\User\Documents\TB\Time Bunny (prototype)\Library\PackageCache\com.unity.visualscripting@1.7.8\Editor\VisualScripting.Core\Dependencies\DotNetZip\Unity.VisualScripting.IonicZip.dll
Native extension for UWP target not found
Native extension for LinuxStandalone target not found
Native extension for WindowsStandalone target not found
Native extension for AppleTV target not found
Native extension for iOS target not found
Native extension for Android target not found
Native extension for OSXStandalone target not found
Native extension for WebGL target not found
Refreshing native plugins compatible for Editor in 1.28 ms, found 3 plugins.
Preloading 0 native plugins for Editor in 0.00 ms.
Mono: successfully reloaded assembly
- Completed reload, in  4.586 seconds
Domain Reload Profiling:
	ReloadAssembly (4588ms)
		BeginReloadAssembly (251ms)
			ExecutionOrderSort (0ms)
			DisableScriptedObjects (7ms)
			BackupInstance (0ms)
			ReleaseScriptingObjects (0ms)
			CreateAndSetChildDomain (134ms)
		EndReloadAssembly (4172ms)
			LoadAssemblies (129ms)
			RebuildTransferFunctionScriptingTraits (0ms)
			SetupTypeCache (473ms)
			ReleaseScriptCaches (1ms)
			RebuildScriptCaches (128ms)
			SetupLoadedEditorAssemblies (3018ms)
				LogAssemblyErrors (0ms)
				InitializePlatformSupportModulesInManaged (130ms)
				SetLoadedEditorAssemblies (1ms)
				RefreshPlugins (1ms)
				BeforeProcessingInitializeOnLoad (204ms)
				ProcessInitializeOnLoadAttributes (2539ms)
				ProcessInitializeOnLoadMethodAttributes (109ms)
				AfterProcessingInitializeOnLoad (32ms)
				EditorAssembliesLoaded (1ms)
			ExecutionOrderSort2 (0ms)
			AwakeInstancesAfterBackupRestoration (38ms)
Platform modules already initialized, skipping
========================================================================
Worker process is ready to serve import requests
Launched and connected shader compiler UnityShaderCompiler.exe after 0.42 seconds
Refreshing native plugins compatible for Editor in 3.16 ms, found 3 plugins.
Preloading 0 native plugins for Editor in 0.00 ms.
Unloading 3408 Unused Serialized files (Serialized files now loaded: 0)
Unloading 27 unused Assets / (113.6 KB). Loaded Objects now: 3879.
Memory consumption went from 120.8 MB to 120.7 MB.
Total: 23.156800 ms (FindLiveObjects: 1.560300 ms CreateObjectMapping: 1.763400 ms MarkObjects: 19.571200 ms  DeleteObjects: 0.258700 ms)

AssetImportParameters requested are different than current active one (requested -> active):
  custom:video-decoder-ogg-theora: a1e56fd34408186e4bbccfd4996cb3dc -> 
  custom:container-muxer-webm: aa71ff27fc2769a1b78a27578f13a17b -> 
  custom:container-demuxer-webm: 4f35f7cbe854078d1ac9338744f61a02 -> 
  custom:video-encoder-webm-vp8: eb34c28f22e8b96e1ab97ce403110664 -> 
  custom:video-codec-MediaFoundation-h265: 746d11721c4dcdbdad8f713fa42b33f4 -> 
  custom:audio-encoder-webm-vorbis: bf7c407c2cedff20999df2af8eb42d56 -> 
  custom:framework-win-MediaFoundation: 216162199b28c13a410421893ffa2e32 -> 
  custom:container-demuxer-ogg: 62fdf1f143b41e24485cea50d1cbac27 -> 
  custom:video-decoder-webm-vp8: 9c59270c3fd7afecdb556c50c9e8de78 -> 
  custom:audio-decoder-ogg-vorbis: bf7c407c2cedff20999df2af8eb42d56 -> 
========================================================================
Received Import Request.
  Time since last request: 245806.723443 seconds.
  path: Assets/Scripts/InteractionObjects/Telekinesis.cs
  artifactKey: Guid(8cc1098b955ab174f85c022281f43652) Importer(815301076,1909f56bfc062723c751e8b465ee728b)
Start importing Assets/Scripts/InteractionObjects/Telekinesis.cs using Guid(8cc1098b955ab174f85c022281f43652) Importer(815301076,1909f56bfc062723c751e8b465ee728b)  -> (artifact id: '21a121aa00201fd5919d3502597a47e5') in 0.287203 seconds 
========================================================================
Received Prepare
Registering precompiled user dll's ...
Registered in 0.032444 seconds.
Begin MonoManager ReloadAssembly
Symbol file LoadedFromMemory doesn't match image C:\Users\User\Documents\TB\Time Bunny (prototype)\Library\PackageCache\com.unity.visualscripting@1.7.8\Editor\VisualScripting.Core\Dependencies\YamlDotNet\Unity.VisualScripting.YamlDotNet.dll
Symbol file LoadedFromMemory doesn't match image C:\Users\User\Documents\TB\Time Bunny (prototype)\Library\PackageCache\com.unity.visualscripting@1.7.8\Editor\VisualScripting.Core\Dependencies\DotNetZip\Unity.VisualScripting.IonicZip.dll
Native extension for UWP target not found
Native extension for LinuxStandalone target not found
Native extension for WindowsStandalone target not found
Native extension for AppleTV target not found
Native extension for iOS target not found
Native extension for Android target not found
Native extension for OSXStandalone target not found
Native extension for WebGL target not found
Refreshing native plugins compatible for Editor in 1.45 ms, found 3 plugins.
Preloading 0 native plugins for Editor in 0.00 ms.
Mono: successfully reloaded assembly
- Completed reload, in  5.248 seconds
Domain Reload Profiling:
	ReloadAssembly (5250ms)
		BeginReloadAssembly (723ms)
			ExecutionOrderSort (0ms)
			DisableScriptedObjects (36ms)
			BackupInstance (0ms)
			ReleaseScriptingObjects (0ms)
			CreateAndSetChildDomain (176ms)
		EndReloadAssembly (4025ms)
			LoadAssemblies (516ms)
			RebuildTransferFunctionScriptingTraits (0ms)
			SetupTypeCache (1264ms)
			ReleaseScriptCaches (5ms)
			RebuildScriptCaches (272ms)
			SetupLoadedEditorAssemblies (1851ms)
				LogAssemblyErrors (0ms)
				InitializePlatformSupportModulesInManaged (191ms)
				SetLoadedEditorAssemblies (1ms)
				RefreshPlugins (2ms)
				BeforeProcessingInitializeOnLoad (347ms)
				ProcessInitializeOnLoadAttributes (1160ms)
				ProcessInitializeOnLoadMethodAttributes (116ms)
				AfterProcessingInitializeOnLoad (34ms)
				EditorAssembliesLoaded (1ms)
			ExecutionOrderSort2 (0ms)
			AwakeInstancesAfterBackupRestoration (39ms)
Platform modules already initialized, skipping
Refreshing native plugins compatible for Editor in 21.57 ms, found 3 plugins.
Preloading 0 native plugins for Editor in 0.00 ms.
Unloading 3390 Unused Serialized files (Serialized files now loaded: 0)
Unloading 20 unused Assets / (80.0 KB). Loaded Objects now: 3882.
Memory consumption went from 119.3 MB to 119.3 MB.
Total: 37.726700 ms (FindLiveObjects: 1.272200 ms CreateObjectMapping: 5.203800 ms MarkObjects: 30.668400 ms  DeleteObjects: 0.577400 ms)

AssetImportParameters requested are different than current active one (requested -> active):
  custom:video-decoder-ogg-theora: a1e56fd34408186e4bbccfd4996cb3dc -> 
  custom:container-muxer-webm: aa71ff27fc2769a1b78a27578f13a17b -> 
  custom:container-demuxer-webm: 4f35f7cbe854078d1ac9338744f61a02 -> 
  custom:video-encoder-webm-vp8: eb34c28f22e8b96e1ab97ce403110664 -> 
  custom:video-codec-MediaFoundation-h265: 746d11721c4dcdbdad8f713fa42b33f4 -> 
  custom:audio-encoder-webm-vorbis: bf7c407c2cedff20999df2af8eb42d56 -> 
  custom:framework-win-MediaFoundation: 216162199b28c13a410421893ffa2e32 -> 
  custom:container-demuxer-ogg: 62fdf1f143b41e24485cea50d1cbac27 -> 
  custom:video-decoder-webm-vp8: 9c59270c3fd7afecdb556c50c9e8de78 -> 
  custom:audio-decoder-ogg-vorbis: bf7c407c2cedff20999df2af8eb42d56 -> 
========================================================================
Received Prepare
Registering precompiled user dll's ...
Registered in 0.137800 seconds.
Begin MonoManager ReloadAssembly
Symbol file LoadedFromMemory doesn't match image C:\Users\User\Documents\TB\Time Bunny (prototype)\Library\PackageCache\com.unity.visualscripting@1.7.8\Editor\VisualScripting.Core\Dependencies\YamlDotNet\Unity.VisualScripting.YamlDotNet.dll
Symbol file LoadedFromMemory doesn't match image C:\Users\User\Documents\TB\Time Bunny (prototype)\Library\PackageCache\com.unity.visualscripting@1.7.8\Editor\VisualScripting.Core\Dependencies\DotNetZip\Unity.VisualScripting.IonicZip.dll
Native extension for UWP target not found
Native extension for LinuxStandalone target not found
Native extension for WindowsStandalone target not found
Native extension for AppleTV target not found
Native extension for iOS target not found
Native extension for Android target not found
Native extension for OSXStandalone target not found
Native extension for WebGL target not found
Refreshing native plugins compatible for Editor in 7.53 ms, found 3 plugins.
Preloading 0 native plugins for Editor in 0.00 ms.
Mono: successfully reloaded assembly
- Completed reload, in 18.218 seconds
Domain Reload Profiling:
	ReloadAssembly (18232ms)
		BeginReloadAssembly (2165ms)
			ExecutionOrderSort (0ms)
			DisableScriptedObjects (315ms)
			BackupInstance (0ms)
			ReleaseScriptingObjects (0ms)
			CreateAndSetChildDomain (452ms)
		EndReloadAssembly (15113ms)
			LoadAssemblies (1251ms)
			RebuildTransferFunctionScriptingTraits (0ms)
			SetupTypeCache (4935ms)
			ReleaseScriptCaches (10ms)
			RebuildScriptCaches (501ms)
			SetupLoadedEditorAssemblies (8155ms)
				LogAssemblyErrors (0ms)
				InitializePlatformSupportModulesInManaged (765ms)
				SetLoadedEditorAssemblies (6ms)
				RefreshPlugins (8ms)
				BeforeProcessingInitializeOnLoad (927ms)
				ProcessInitializeOnLoadAttributes (5667ms)
				ProcessInitializeOnLoadMethodAttributes (628ms)
				AfterProcessingInitializeOnLoad (153ms)
				EditorAssembliesLoaded (3ms)
			ExecutionOrderSort2 (0ms)
			AwakeInstancesAfterBackupRestoration (132ms)
Platform modules already initialized, skipping
Refreshing native plugins compatible for Editor in 14.20 ms, found 3 plugins.
Preloading 0 native plugins for Editor in 0.00 ms.
Unloading 3390 Unused Serialized files (Serialized files now loaded: 0)
Unloading 20 unused Assets / (80.1 KB). Loaded Objects now: 3885.
Memory consumption went from 119.4 MB to 119.3 MB.
Total: 11.637900 ms (FindLiveObjects: 0.682300 ms CreateObjectMapping: 0.645900 ms MarkObjects: 9.974600 ms  DeleteObjects: 0.331200 ms)

AssetImportParameters requested are different than current active one (requested -> active):
  custom:video-decoder-ogg-theora: a1e56fd34408186e4bbccfd4996cb3dc -> 
  custom:container-muxer-webm: aa71ff27fc2769a1b78a27578f13a17b -> 
  custom:container-demuxer-webm: 4f35f7cbe854078d1ac9338744f61a02 -> 
  custom:video-encoder-webm-vp8: eb34c28f22e8b96e1ab97ce403110664 -> 
  custom:video-codec-MediaFoundation-h265: 746d11721c4dcdbdad8f713fa42b33f4 -> 
  custom:audio-encoder-webm-vorbis: bf7c407c2cedff20999df2af8eb42d56 -> 
  custom:framework-win-MediaFoundation: 216162199b28c13a410421893ffa2e32 -> 
  custom:container-demuxer-ogg: 62fdf1f143b41e24485cea50d1cbac27 -> 
  custom:video-decoder-webm-vp8: 9c59270c3fd7afecdb556c50c9e8de78 -> 
  custom:audio-decoder-ogg-vorbis: bf7c407c2cedff20999df2af8eb42d56 -> 
[usbmuxd] Attached: 15 00008030-001E20843AD8802E
[usbmuxd] Attached: 15 00008030-001E20843AD8802E
[usbmuxd] Detached: 15 00008030-001E20843AD8802E
[usbmuxd] Detached: 15 00008030-001E20843AD8802E
========================================================================
Received Prepare
Registering precompiled user dll's ...
Registered in 0.197092 seconds.
Begin MonoManager ReloadAssembly
Symbol file LoadedFromMemory doesn't match image C:\Users\User\Documents\TB\Time Bunny (prototype)\Library\PackageCache\com.unity.visualscripting@1.7.8\Editor\VisualScripting.Core\Dependencies\YamlDotNet\Unity.VisualScripting.YamlDotNet.dll
Symbol file LoadedFromMemory doesn't match image C:\Users\User\Documents\TB\Time Bunny (prototype)\Library\PackageCache\com.unity.visualscripting@1.7.8\Editor\VisualScripting.Core\Dependencies\DotNetZip\Unity.VisualScripting.IonicZip.dll
Native extension for UWP target not found
Native extension for LinuxStandalone target not found
Native extension for WindowsStandalone target not found
Native extension for AppleTV target not found
Native extension for iOS target not found
Native extension for Android target not found
Native extension for OSXStandalone target not found
Native extension for WebGL target not found
Refreshing native plugins compatible for Editor in 6.23 ms, found 3 plugins.
Preloading 0 native plugins for Editor in 0.00 ms.
Mono: successfully reloaded assembly
- Completed reload, in 16.695 seconds
Domain Reload Profiling:
	ReloadAssembly (16710ms)
		BeginReloadAssembly (2987ms)
			ExecutionOrderSort (0ms)
			DisableScriptedObjects (202ms)
			BackupInstance (0ms)
			ReleaseScriptingObjects (2ms)
			CreateAndSetChildDomain (824ms)
		EndReloadAssembly (11409ms)
			LoadAssemblies (1700ms)
			RebuildTransferFunctionScriptingTraits (0ms)
			SetupTypeCache (3474ms)
			ReleaseScriptCaches (14ms)
			RebuildScriptCaches (649ms)
			SetupLoadedEditorAssemblies (5121ms)
				LogAssemblyErrors (0ms)
				InitializePlatformSupportModulesInManaged (1122ms)
				SetLoadedEditorAssemblies (125ms)
				RefreshPlugins (12ms)
				BeforeProcessingInitializeOnLoad (645ms)
				ProcessInitializeOnLoadAttributes (2776ms)
				ProcessInitializeOnLoadMethodAttributes (300ms)
				AfterProcessingInitializeOnLoad (138ms)
				EditorAssembliesLoaded (1ms)
			ExecutionOrderSort2 (0ms)
			AwakeInstancesAfterBackupRestoration (115ms)
Platform modules already initialized, skipping
Refreshing native plugins compatible for Editor in 28.63 ms, found 3 plugins.
Preloading 0 native plugins for Editor in 0.00 ms.
Unloading 3390 Unused Serialized files (Serialized files now loaded: 0)
Unloading 20 unused Assets / (80.0 KB). Loaded Objects now: 3888.
Memory consumption went from 119.4 MB to 119.3 MB.
Total: 144.572500 ms (FindLiveObjects: 10.950700 ms CreateObjectMapping: 18.285900 ms MarkObjects: 114.655700 ms  DeleteObjects: 0.674900 ms)

AssetImportParameters requested are different than current active one (requested -> active):
  custom:video-decoder-ogg-theora: a1e56fd34408186e4bbccfd4996cb3dc -> 
  custom:container-muxer-webm: aa71ff27fc2769a1b78a27578f13a17b -> 
  custom:container-demuxer-webm: 4f35f7cbe854078d1ac9338744f61a02 -> 
  custom:video-encoder-webm-vp8: eb34c28f22e8b96e1ab97ce403110664 -> 
  custom:video-codec-MediaFoundation-h265: 746d11721c4dcdbdad8f713fa42b33f4 -> 
  custom:audio-encoder-webm-vorbis: bf7c407c2cedff20999df2af8eb42d56 -> 
  custom:framework-win-MediaFoundation: 216162199b28c13a410421893ffa2e32 -> 
  custom:container-demuxer-ogg: 62fdf1f143b41e24485cea50d1cbac27 -> 
  custom:video-decoder-webm-vp8: 9c59270c3fd7afecdb556c50c9e8de78 -> 
  custom:audio-decoder-ogg-vorbis: bf7c407c2cedff20999df2af8eb42d56 -> 
========================================================================
Received Prepare
Registering precompiled user dll's ...
Registered in 0.049058 seconds.
Begin MonoManager ReloadAssembly
Symbol file LoadedFromMemory doesn't match image C:\Users\User\Documents\TB\Time Bunny (prototype)\Library\PackageCache\com.unity.visualscripting@1.7.8\Editor\VisualScripting.Core\Dependencies\YamlDotNet\Unity.VisualScripting.YamlDotNet.dll
Symbol file LoadedFromMemory doesn't match image C:\Users\User\Documents\TB\Time Bunny (prototype)\Library\PackageCache\com.unity.visualscripting@1.7.8\Editor\VisualScripting.Core\Dependencies\DotNetZip\Unity.VisualScripting.IonicZip.dll
Native extension for UWP target not found
Native extension for LinuxStandalone target not found
Native extension for WindowsStandalone target not found
Native extension for AppleTV target not found
Native extension for iOS target not found
Native extension for Android target not found
Native extension for OSXStandalone target not found
Native extension for WebGL target not found
Refreshing native plugins compatible for Editor in 3.69 ms, found 3 plugins.
Preloading 0 native plugins for Editor in 0.00 ms.
Mono: successfully reloaded assembly
- Completed reload, in 10.799 seconds
Domain Reload Profiling:
	ReloadAssembly (10805ms)
		BeginReloadAssembly (1416ms)
			ExecutionOrderSort (0ms)
			DisableScriptedObjects (111ms)
			BackupInstance (0ms)
			ReleaseScriptingObjects (1ms)
			CreateAndSetChildDomain (228ms)
		EndReloadAssembly (8467ms)
			LoadAssemblies (1141ms)
			RebuildTransferFunctionScriptingTraits (0ms)
			SetupTypeCache (4098ms)
			ReleaseScriptCaches (4ms)
			RebuildScriptCaches (279ms)
			SetupLoadedEditorAssemblies (3001ms)
				LogAssemblyErrors (0ms)
				InitializePlatformSupportModulesInManaged (303ms)
				SetLoadedEditorAssemblies (4ms)
				RefreshPlugins (4ms)
				BeforeProcessingInitializeOnLoad (612ms)
				ProcessInitializeOnLoadAttributes (1745ms)
				ProcessInitializeOnLoadMethodAttributes (239ms)
				AfterProcessingInitializeOnLoad (92ms)
				EditorAssembliesLoaded (2ms)
			ExecutionOrderSort2 (0ms)
			AwakeInstancesAfterBackupRestoration (78ms)
Platform modules already initialized, skipping
Refreshing native plugins compatible for Editor in 7.67 ms, found 3 plugins.
Preloading 0 native plugins for Editor in 0.00 ms.
Unloading 3390 Unused Serialized files (Serialized files now loaded: 0)
Unloading 20 unused Assets / (80.1 KB). Loaded Objects now: 3891.
Memory consumption went from 119.4 MB to 119.3 MB.
Total: 13.473100 ms (FindLiveObjects: 0.764700 ms CreateObjectMapping: 1.207800 ms MarkObjects: 10.790900 ms  DeleteObjects: 0.706400 ms)

AssetImportParameters requested are different than current active one (requested -> active):
  custom:video-decoder-ogg-theora: a1e56fd34408186e4bbccfd4996cb3dc -> 
  custom:container-muxer-webm: aa71ff27fc2769a1b78a27578f13a17b -> 
  custom:container-demuxer-webm: 4f35f7cbe854078d1ac9338744f61a02 -> 
  custom:video-encoder-webm-vp8: eb34c28f22e8b96e1ab97ce403110664 -> 
  custom:video-codec-MediaFoundation-h265: 746d11721c4dcdbdad8f713fa42b33f4 -> 
  custom:audio-encoder-webm-vorbis: bf7c407c2cedff20999df2af8eb42d56 -> 
  custom:framework-win-MediaFoundation: 216162199b28c13a410421893ffa2e32 -> 
  custom:container-demuxer-ogg: 62fdf1f143b41e24485cea50d1cbac27 -> 
  custom:video-decoder-webm-vp8: 9c59270c3fd7afecdb556c50c9e8de78 -> 
  custom:audio-decoder-ogg-vorbis: bf7c407c2cedff20999df2af8eb42d56 -> 
========================================================================
Received Prepare
Registering precompiled user dll's ...
Registered in 0.029930 seconds.
Begin MonoManager ReloadAssembly
Symbol file LoadedFromMemory doesn't match image C:\Users\User\Documents\TB\Time Bunny (prototype)\Library\PackageCache\com.unity.visualscripting@1.7.8\Editor\VisualScripting.Core\Dependencies\YamlDotNet\Unity.VisualScripting.YamlDotNet.dll
Symbol file LoadedFromMemory doesn't match image C:\Users\User\Documents\TB\Time Bunny (prototype)\Library\PackageCache\com.unity.visualscripting@1.7.8\Editor\VisualScripting.Core\Dependencies\DotNetZip\Unity.VisualScripting.IonicZip.dll
Native extension for UWP target not found
Native extension for LinuxStandalone target not found
Native extension for WindowsStandalone target not found
Native extension for AppleTV target not found
Native extension for iOS target not found
Native extension for Android target not found
Native extension for OSXStandalone target not found
Native extension for WebGL target not found
Refreshing native plugins compatible for Editor in 4.25 ms, found 3 plugins.
Preloading 0 native plugins for Editor in 0.00 ms.
Mono: successfully reloaded assembly
- Completed reload, in  9.730 seconds
Domain Reload Profiling:
	ReloadAssembly (9739ms)
		BeginReloadAssembly (1680ms)
			ExecutionOrderSort (0ms)
			DisableScriptedObjects (62ms)
			BackupInstance (0ms)
			ReleaseScriptingObjects (0ms)
			CreateAndSetChildDomain (350ms)
		EndReloadAssembly (7353ms)
			LoadAssemblies (867ms)
			RebuildTransferFunctionScriptingTraits (0ms)
			SetupTypeCache (1782ms)
			ReleaseScriptCaches (10ms)
			RebuildScriptCaches (435ms)
			SetupLoadedEditorAssemblies (3749ms)
				LogAssemblyErrors (0ms)
				InitializePlatformSupportModulesInManaged (480ms)
				SetLoadedEditorAssemblies (2ms)
				RefreshPlugins (4ms)
				BeforeProcessingInitializeOnLoad (617ms)
				ProcessInitializeOnLoadAttributes (1978ms)
				ProcessInitializeOnLoadMethodAttributes (596ms)
				AfterProcessingInitializeOnLoad (72ms)
				EditorAssembliesLoaded (0ms)
			ExecutionOrderSort2 (0ms)
			AwakeInstancesAfterBackupRestoration (70ms)
Platform modules already initialized, skipping
Refreshing native plugins compatible for Editor in 12.59 ms, found 3 plugins.
Preloading 0 native plugins for Editor in 0.00 ms.
Unloading 3390 Unused Serialized files (Serialized files now loaded: 0)
Unloading 20 unused Assets / (80.0 KB). Loaded Objects now: 3894.
Memory consumption went from 119.4 MB to 119.3 MB.
Total: 26.314900 ms (FindLiveObjects: 5.994700 ms CreateObjectMapping: 0.716700 ms MarkObjects: 18.055800 ms  DeleteObjects: 1.542000 ms)

AssetImportParameters requested are different than current active one (requested -> active):
  custom:video-decoder-ogg-theora: a1e56fd34408186e4bbccfd4996cb3dc -> 
  custom:container-muxer-webm: aa71ff27fc2769a1b78a27578f13a17b -> 
  custom:container-demuxer-webm: 4f35f7cbe854078d1ac9338744f61a02 -> 
  custom:video-encoder-webm-vp8: eb34c28f22e8b96e1ab97ce403110664 -> 
  custom:video-codec-MediaFoundation-h265: 746d11721c4dcdbdad8f713fa42b33f4 -> 
  custom:audio-encoder-webm-vorbis: bf7c407c2cedff20999df2af8eb42d56 -> 
  custom:framework-win-MediaFoundation: 216162199b28c13a410421893ffa2e32 -> 
  custom:container-demuxer-ogg: 62fdf1f143b41e24485cea50d1cbac27 -> 
  custom:video-decoder-webm-vp8: 9c59270c3fd7afecdb556c50c9e8de78 -> 
  custom:audio-decoder-ogg-vorbis: bf7c407c2cedff20999df2af8eb42d56 -> 
========================================================================
Received Prepare
Registering precompiled user dll's ...
Registered in 0.022811 seconds.
Begin MonoManager ReloadAssembly
Symbol file LoadedFromMemory doesn't match image C:\Users\User\Documents\TB\Time Bunny (prototype)\Library\PackageCache\com.unity.visualscripting@1.7.8\Editor\VisualScripting.Core\Dependencies\YamlDotNet\Unity.VisualScripting.YamlDotNet.dll
Symbol file LoadedFromMemory doesn't match image C:\Users\User\Documents\TB\Time Bunny (prototype)\Library\PackageCache\com.unity.visualscripting@1.7.8\Editor\VisualScripting.Core\Dependencies\DotNetZip\Unity.VisualScripting.IonicZip.dll
Native extension for UWP target not found
Native extension for LinuxStandalone target not found
Native extension for WindowsStandalone target not found
Native extension for AppleTV target not found
Native extension for iOS target not found
Native extension for Android target not found
Native extension for OSXStandalone target not found
Native extension for WebGL target not found
Refreshing native plugins compatible for Editor in 2.87 ms, found 3 plugins.
Preloading 0 native plugins for Editor in 0.00 ms.
Mono: successfully reloaded assembly
- Completed reload, in  8.960 seconds
Domain Reload Profiling:
	ReloadAssembly (8966ms)
		BeginReloadAssembly (853ms)
			ExecutionOrderSort (0ms)
			DisableScriptedObjects (46ms)
			BackupInstance (0ms)
			ReleaseScriptingObjects (1ms)
			CreateAndSetChildDomain (234ms)
		EndReloadAssembly (7495ms)
			LoadAssemblies (773ms)
			RebuildTransferFunctionScriptingTraits (0ms)
			SetupTypeCache (2029ms)
			ReleaseScriptCaches (6ms)
			RebuildScriptCaches (551ms)
			SetupLoadedEditorAssemblies (3725ms)
				LogAssemblyErrors (0ms)
				InitializePlatformSupportModulesInManaged (444ms)
				SetLoadedEditorAssemblies (3ms)
				RefreshPlugins (3ms)
				BeforeProcessingInitializeOnLoad (386ms)
				ProcessInitializeOnLoadAttributes (2336ms)
				ProcessInitializeOnLoadMethodAttributes (467ms)
				AfterProcessingInitializeOnLoad (84ms)
				EditorAssembliesLoaded (2ms)
			ExecutionOrderSort2 (0ms)
			AwakeInstancesAfterBackupRestoration (77ms)
Platform modules already initialized, skipping
Refreshing native plugins compatible for Editor in 16.36 ms, found 3 plugins.
Preloading 0 native plugins for Editor in 0.00 ms.
Unloading 3390 Unused Serialized files (Serialized files now loaded: 0)
Unloading 20 unused Assets / (79.9 KB). Loaded Objects now: 3897.
Memory consumption went from 119.4 MB to 119.3 MB.
Total: 9.685500 ms (FindLiveObjects: 0.643800 ms CreateObjectMapping: 0.841900 ms MarkObjects: 7.694600 ms  DeleteObjects: 0.500800 ms)

AssetImportParameters requested are different than current active one (requested -> active):
  custom:video-decoder-ogg-theora: a1e56fd34408186e4bbccfd4996cb3dc -> 
  custom:container-muxer-webm: aa71ff27fc2769a1b78a27578f13a17b -> 
  custom:container-demuxer-webm: 4f35f7cbe854078d1ac9338744f61a02 -> 
  custom:video-encoder-webm-vp8: eb34c28f22e8b96e1ab97ce403110664 -> 
  custom:video-codec-MediaFoundation-h265: 746d11721c4dcdbdad8f713fa42b33f4 -> 
  custom:audio-encoder-webm-vorbis: bf7c407c2cedff20999df2af8eb42d56 -> 
  custom:framework-win-MediaFoundation: 216162199b28c13a410421893ffa2e32 -> 
  custom:container-demuxer-ogg: 62fdf1f143b41e24485cea50d1cbac27 -> 
  custom:video-decoder-webm-vp8: 9c59270c3fd7afecdb556c50c9e8de78 -> 
  custom:audio-decoder-ogg-vorbis: bf7c407c2cedff20999df2af8eb42d56 -> 
[usbmuxd] Attached: 17 00008030-001E20843AD8802E
[usbmuxd] Attached: 17 00008030-001E20843AD8802E
========================================================================
Received Import Request.
  Time since last request: 16983.456107 seconds.
  path: Assets/Animations/OpenAnim/Door 1.controller
  artifactKey: Guid(a55117a5060ebc844b893824a79f8d11) Importer(815301076,1909f56bfc062723c751e8b465ee728b)
Start importing Assets/Animations/OpenAnim/Door 1.controller using Guid(a55117a5060ebc844b893824a79f8d11) Importer(815301076,1909f56bfc062723c751e8b465ee728b)  -> (artifact id: '4952aa3e91ea7b5bd849316d69ce2267') in 0.235762 seconds 
========================================================================
Received Prepare
Registering precompiled user dll's ...
Registered in 0.021075 seconds.
Begin MonoManager ReloadAssembly
Symbol file LoadedFromMemory doesn't match image C:\Users\User\Documents\TB\Time Bunny (prototype)\Library\PackageCache\com.unity.visualscripting@1.7.8\Editor\VisualScripting.Core\Dependencies\YamlDotNet\Unity.VisualScripting.YamlDotNet.dll
Symbol file LoadedFromMemory doesn't match image C:\Users\User\Documents\TB\Time Bunny (prototype)\Library\PackageCache\com.unity.visualscripting@1.7.8\Editor\VisualScripting.Core\Dependencies\DotNetZip\Unity.VisualScripting.IonicZip.dll
Native extension for UWP target not found
Native extension for LinuxStandalone target not found
Native extension for WindowsStandalone target not found
Native extension for AppleTV target not found
Native extension for iOS target not found
Native extension for Android target not found
Native extension for OSXStandalone target not found
Native extension for WebGL target not found
Refreshing native plugins compatible for Editor in 9.00 ms, found 3 plugins.
Preloading 0 native plugins for Editor in 0.00 ms.
Mono: successfully reloaded assembly
- Completed reload, in 10.920 seconds
Domain Reload Profiling:
	ReloadAssembly (10936ms)
		BeginReloadAssembly (1610ms)
			ExecutionOrderSort (0ms)
			DisableScriptedObjects (58ms)
			BackupInstance (0ms)
			ReleaseScriptingObjects (0ms)
			CreateAndSetChildDomain (440ms)
		EndReloadAssembly (7833ms)
			LoadAssemblies (1250ms)
			RebuildTransferFunctionScriptingTraits (0ms)
			SetupTypeCache (2394ms)
			ReleaseScriptCaches (4ms)
			RebuildScriptCaches (282ms)
			SetupLoadedEditorAssemblies (4083ms)
				LogAssemblyErrors (0ms)
				InitializePlatformSupportModulesInManaged (406ms)
				SetLoadedEditorAssemblies (39ms)
				RefreshPlugins (9ms)
				BeforeProcessingInitializeOnLoad (751ms)
				ProcessInitializeOnLoadAttributes (2445ms)
				ProcessInitializeOnLoadMethodAttributes (340ms)
				AfterProcessingInitializeOnLoad (91ms)
				EditorAssembliesLoaded (1ms)
			ExecutionOrderSort2 (0ms)
			AwakeInstancesAfterBackupRestoration (74ms)
Platform modules already initialized, skipping
Refreshing native plugins compatible for Editor in 13.78 ms, found 3 plugins.
Preloading 0 native plugins for Editor in 0.00 ms.
Unloading 3390 Unused Serialized files (Serialized files now loaded: 0)
Unloading 20 unused Assets / (80.0 KB). Loaded Objects now: 3901.
Memory consumption went from 119.4 MB to 119.3 MB.
Total: 26.058300 ms (FindLiveObjects: 0.626600 ms CreateObjectMapping: 0.710600 ms MarkObjects: 24.474900 ms  DeleteObjects: 0.242600 ms)

AssetImportParameters requested are different than current active one (requested -> active):
  custom:video-decoder-ogg-theora: a1e56fd34408186e4bbccfd4996cb3dc -> 
  custom:container-muxer-webm: aa71ff27fc2769a1b78a27578f13a17b -> 
  custom:container-demuxer-webm: 4f35f7cbe854078d1ac9338744f61a02 -> 
  custom:video-encoder-webm-vp8: eb34c28f22e8b96e1ab97ce403110664 -> 
  custom:video-codec-MediaFoundation-h265: 746d11721c4dcdbdad8f713fa42b33f4 -> 
  custom:audio-encoder-webm-vorbis: bf7c407c2cedff20999df2af8eb42d56 -> 
  custom:framework-win-MediaFoundation: 216162199b28c13a410421893ffa2e32 -> 
  custom:container-demuxer-ogg: 62fdf1f143b41e24485cea50d1cbac27 -> 
  custom:video-decoder-webm-vp8: 9c59270c3fd7afecdb556c50c9e8de78 -> 
  custom:audio-decoder-ogg-vorbis: bf7c407c2cedff20999df2af8eb42d56 -> 
========================================================================
Received Prepare
Registering precompiled user dll's ...
Registered in 0.056507 seconds.
Begin MonoManager ReloadAssembly
Symbol file LoadedFromMemory doesn't match image C:\Users\User\Documents\TB\Time Bunny (prototype)\Library\PackageCache\com.unity.visualscripting@1.7.8\Editor\VisualScripting.Core\Dependencies\YamlDotNet\Unity.VisualScripting.YamlDotNet.dll
Symbol file LoadedFromMemory doesn't match image C:\Users\User\Documents\TB\Time Bunny (prototype)\Library\PackageCache\com.unity.visualscripting@1.7.8\Editor\VisualScripting.Core\Dependencies\DotNetZip\Unity.VisualScripting.IonicZip.dll
Native extension for UWP target not found
Native extension for LinuxStandalone target not found
Native extension for WindowsStandalone target not found
Native extension for AppleTV target not found
Native extension for iOS target not found
Native extension for Android target not found
Native extension for OSXStandalone target not found
Native extension for WebGL target not found
Refreshing native plugins compatible for Editor in 8.13 ms, found 3 plugins.
Preloading 0 native plugins for Editor in 0.00 ms.
Mono: successfully reloaded assembly
- Completed reload, in  9.194 seconds
Domain Reload Profiling:
	ReloadAssembly (9198ms)
		BeginReloadAssembly (1183ms)
			ExecutionOrderSort (0ms)
			DisableScriptedObjects (60ms)
			BackupInstance (0ms)
			ReleaseScriptingObjects (0ms)
			CreateAndSetChildDomain (232ms)
		EndReloadAssembly (6913ms)
			LoadAssemblies (875ms)
			RebuildTransferFunctionScriptingTraits (0ms)
			SetupTypeCache (1578ms)
			ReleaseScriptCaches (11ms)
			RebuildScriptCaches (335ms)
			SetupLoadedEditorAssemblies (3510ms)
				LogAssemblyErrors (0ms)
				InitializePlatformSupportModulesInManaged (545ms)
				SetLoadedEditorAssemblies (4ms)
				RefreshPlugins (12ms)
				BeforeProcessingInitializeOnLoad (701ms)
				ProcessInitializeOnLoadAttributes (1910ms)
				ProcessInitializeOnLoadMethodAttributes (236ms)
				AfterProcessingInitializeOnLoad (101ms)
				EditorAssembliesLoaded (1ms)
			ExecutionOrderSort2 (0ms)
			AwakeInstancesAfterBackupRestoration (71ms)
Platform modules already initialized, skipping
Refreshing native plugins compatible for Editor in 22.18 ms, found 3 plugins.
Preloading 0 native plugins for Editor in 0.00 ms.
Unloading 3390 Unused Serialized files (Serialized files now loaded: 0)
Unloading 20 unused Assets / (80.0 KB). Loaded Objects now: 3904.
Memory consumption went from 119.4 MB to 119.3 MB.
Total: 8.966100 ms (FindLiveObjects: 1.103300 ms CreateObjectMapping: 1.404400 ms MarkObjects: 5.870900 ms  DeleteObjects: 0.582000 ms)

AssetImportParameters requested are different than current active one (requested -> active):
  custom:video-decoder-ogg-theora: a1e56fd34408186e4bbccfd4996cb3dc -> 
  custom:container-muxer-webm: aa71ff27fc2769a1b78a27578f13a17b -> 
  custom:container-demuxer-webm: 4f35f7cbe854078d1ac9338744f61a02 -> 
  custom:video-encoder-webm-vp8: eb34c28f22e8b96e1ab97ce403110664 -> 
  custom:video-codec-MediaFoundation-h265: 746d11721c4dcdbdad8f713fa42b33f4 -> 
  custom:audio-encoder-webm-vorbis: bf7c407c2cedff20999df2af8eb42d56 -> 
  custom:framework-win-MediaFoundation: 216162199b28c13a410421893ffa2e32 -> 
  custom:container-demuxer-ogg: 62fdf1f143b41e24485cea50d1cbac27 -> 
  custom:video-decoder-webm-vp8: 9c59270c3fd7afecdb556c50c9e8de78 -> 
  custom:audio-decoder-ogg-vorbis: bf7c407c2cedff20999df2af8eb42d56 -> 
========================================================================
Received Import Request.
  Time since last request: 416.929610 seconds.
  path: Assets/Prefab/Climb Wall.prefab
  artifactKey: Guid(494bc15b0f645284690e838065db7519) Importer(815301076,1909f56bfc062723c751e8b465ee728b)
Start importing Assets/Prefab/Climb Wall.prefab using Guid(494bc15b0f645284690e838065db7519) Importer(815301076,1909f56bfc062723c751e8b465ee728b)  -> (artifact id: 'c313f9997cd7aafc158b4a7f96fc3dc7') in 0.671361 seconds 
========================================================================
Received Import Request.
  Time since last request: 2.776786 seconds.
  path: Assets/Animations/OpenAnim
  artifactKey: Guid(3edacd51d03a37b4381f68ca15f43d2a) Importer(815301076,1909f56bfc062723c751e8b465ee728b)
Start importing Assets/Animations/OpenAnim using Guid(3edacd51d03a37b4381f68ca15f43d2a) Importer(815301076,1909f56bfc062723c751e8b465ee728b)  -> (artifact id: 'ea406f7e29a3f88c8379168e0e281c95') in 0.036031 seconds 
========================================================================
Received Import Request.
  Time since last request: 2.837452 seconds.
  path: Assets/Animations/OpenAnim/TestDoorClose.anim
  artifactKey: Guid(bdfeb2cde00b7034b994c38aff6af4d7) Importer(815301076,1909f56bfc062723c751e8b465ee728b)
Start importing Assets/Animations/OpenAnim/TestDoorClose.anim using Guid(bdfeb2cde00b7034b994c38aff6af4d7) Importer(815301076,1909f56bfc062723c751e8b465ee728b)  -> (artifact id: '29aa36460d960aaaf71ab2ad8f6e6db0') in 0.061411 seconds 
========================================================================
Received Import Request.
  Time since last request: 1.089983 seconds.
  path: Assets/Animations/OpenAnim/TestDoorOpen.anim
  artifactKey: Guid(b0ad8b3e1c86c514fb0804710c3a722a) Importer(815301076,1909f56bfc062723c751e8b465ee728b)
Start importing Assets/Animations/OpenAnim/TestDoorOpen.anim using Guid(b0ad8b3e1c86c514fb0804710c3a722a) Importer(815301076,1909f56bfc062723c751e8b465ee728b)  -> (artifact id: '573a99b9075cd1b81fb2d16f71fa2565') in 0.043437 seconds 
========================================================================
Received Import Request.
  Time since last request: 13.523597 seconds.
  path: Assets/Animations/Door 1.controller
  artifactKey: Guid(46a6bbd2db2e42f41a74fd1a2eb9823e) Importer(815301076,1909f56bfc062723c751e8b465ee728b)
Start importing Assets/Animations/Door 1.controller using Guid(46a6bbd2db2e42f41a74fd1a2eb9823e) Importer(815301076,1909f56bfc062723c751e8b465ee728b)  -> (artifact id: '353d2b1b41b9b7d61ca975b819bbb9f7') in 0.027859 seconds 
========================================================================
Received Import Request.
  Time since last request: 1.486097 seconds.
  path: Assets/Animations/jumpPad (4).controller
  artifactKey: Guid(f4e174201a15e314195143fc5f5cdb8f) Importer(815301076,1909f56bfc062723c751e8b465ee728b)
Start importing Assets/Animations/jumpPad (4).controller using Guid(f4e174201a15e314195143fc5f5cdb8f) Importer(815301076,1909f56bfc062723c751e8b465ee728b)  -> (artifact id: '2a0b0d334255e04982e13833ae3d1028') in 0.052462 seconds 
========================================================================
Received Import Request.
  Time since last request: 21.420242 seconds.
  path: Assets/Animations/jumpPad (4).controller
  artifactKey: Guid(46a6bbd2db2e42f41a74fd1a2eb9823e) Importer(815301076,1909f56bfc062723c751e8b465ee728b)
Start importing Assets/Animations/jumpPad (4).controller using Guid(46a6bbd2db2e42f41a74fd1a2eb9823e) Importer(815301076,1909f56bfc062723c751e8b465ee728b)  -> (artifact id: '2468340b07f4ee46a2dd77f7b97b8ede') in 0.032967 seconds 
========================================================================
Received Import Request.
  Time since last request: 1.300781 seconds.
  path: Assets/Animations/HoverPlatform.anim
  artifactKey: Guid(094fe81189134304daa89ec65ede8bf0) Importer(815301076,1909f56bfc062723c751e8b465ee728b)
Start importing Assets/Animations/HoverPlatform.anim using Guid(094fe81189134304daa89ec65ede8bf0) Importer(815301076,1909f56bfc062723c751e8b465ee728b)  -> (artifact id: '50f2923ad62e45eea6526b00938c3a2e') in 0.054643 seconds 
========================================================================
Received Import Request.
  Time since last request: 11.138434 seconds.
  path: Assets/Animations/HoverPlatformUp.anim
  artifactKey: Guid(094fe81189134304daa89ec65ede8bf0) Importer(815301076,1909f56bfc062723c751e8b465ee728b)
Start importing Assets/Animations/HoverPlatformUp.anim using Guid(094fe81189134304daa89ec65ede8bf0) Importer(815301076,1909f56bfc062723c751e8b465ee728b)  -> (artifact id: 'dcc35179d894060732da40a4239abc4d') in 0.026307 seconds 
========================================================================
Received Import Request.
  Time since last request: 9.139750 seconds.
  path: Assets/Animations/HoverPlatformUp 1.anim
  artifactKey: Guid(317a8345f17c5644fba442d8021de224) Importer(815301076,1909f56bfc062723c751e8b465ee728b)
Start importing Assets/Animations/HoverPlatformUp 1.anim using Guid(317a8345f17c5644fba442d8021de224) Importer(815301076,1909f56bfc062723c751e8b465ee728b)  -> (artifact id: '9bc989fe2d4d70b5ba90eea349e9f0e5') in 0.047356 seconds 
========================================================================
Received Import Request.
  Time since last request: 11.698536 seconds.
  path: Assets/Animations/HoverPlatformDown.anim
  artifactKey: Guid(317a8345f17c5644fba442d8021de224) Importer(815301076,1909f56bfc062723c751e8b465ee728b)
Start importing Assets/Animations/HoverPlatformDown.anim using Guid(317a8345f17c5644fba442d8021de224) Importer(815301076,1909f56bfc062723c751e8b465ee728b)  -> (artifact id: 'a6942ea57425cfda5721895fc915bc1a') in 0.058835 seconds 
========================================================================
Received Import Request.
  Time since last request: 191.966970 seconds.
  path: Assets/Animations/HoverPlatformDown.anim
  artifactKey: Guid(317a8345f17c5644fba442d8021de224) Importer(815301076,1909f56bfc062723c751e8b465ee728b)
Start importing Assets/Animations/HoverPlatformDown.anim using Guid(317a8345f17c5644fba442d8021de224) Importer(815301076,1909f56bfc062723c751e8b465ee728b)  -> (artifact id: '60b78c18947e0d67acd294ce1dabc4ae') in 0.050378 seconds 
========================================================================
Received Prepare
Registering precompiled user dll's ...
Registered in 0.085943 seconds.
Begin MonoManager ReloadAssembly
Symbol file LoadedFromMemory doesn't match image C:\Users\User\Documents\TB\Time Bunny (prototype)\Library\PackageCache\com.unity.visualscripting@1.7.8\Editor\VisualScripting.Core\Dependencies\YamlDotNet\Unity.VisualScripting.YamlDotNet.dll
Symbol file LoadedFromMemory doesn't match image C:\Users\User\Documents\TB\Time Bunny (prototype)\Library\PackageCache\com.unity.visualscripting@1.7.8\Editor\VisualScripting.Core\Dependencies\DotNetZip\Unity.VisualScripting.IonicZip.dll
Native extension for UWP target not found
Native extension for LinuxStandalone target not found
Native extension for WindowsStandalone target not found
Native extension for AppleTV target not found
Native extension for iOS target not found
Native extension for Android target not found
Native extension for OSXStandalone target not found
Native extension for WebGL target not found
Refreshing native plugins compatible for Editor in 4.28 ms, found 3 plugins.
Preloading 0 native plugins for Editor in 0.00 ms.
Mono: successfully reloaded assembly
- Completed reload, in 11.135 seconds
Domain Reload Profiling:
	ReloadAssembly (11139ms)
		BeginReloadAssembly (1261ms)
			ExecutionOrderSort (0ms)
			DisableScriptedObjects (59ms)
			BackupInstance (0ms)
			ReleaseScriptingObjects (0ms)
			CreateAndSetChildDomain (267ms)
		EndReloadAssembly (9083ms)
			LoadAssemblies (1004ms)
			RebuildTransferFunctionScriptingTraits (0ms)
			SetupTypeCache (2909ms)
			ReleaseScriptCaches (8ms)
			RebuildScriptCaches (312ms)
			SetupLoadedEditorAssemblies (4783ms)
				LogAssemblyErrors (0ms)
				InitializePlatformSupportModulesInManaged (377ms)
				SetLoadedEditorAssemblies (3ms)
				RefreshPlugins (6ms)
				BeforeProcessingInitializeOnLoad (626ms)
				ProcessInitializeOnLoadAttributes (3429ms)
				ProcessInitializeOnLoadMethodAttributes (274ms)
				AfterProcessingInitializeOnLoad (66ms)
				EditorAssembliesLoaded (2ms)
			ExecutionOrderSort2 (0ms)
			AwakeInstancesAfterBackupRestoration (65ms)
Platform modules already initialized, skipping
Refreshing native plugins compatible for Editor in 31.28 ms, found 3 plugins.
Preloading 0 native plugins for Editor in 0.00 ms.
Unloading 3390 Unused Serialized files (Serialized files now loaded: 0)
Unloading 20 unused Assets / (80.1 KB). Loaded Objects now: 3915.
Memory consumption went from 123.8 MB to 123.8 MB.
Total: 81.279000 ms (FindLiveObjects: 4.038200 ms CreateObjectMapping: 11.048900 ms MarkObjects: 65.409200 ms  DeleteObjects: 0.780000 ms)

AssetImportParameters requested are different than current active one (requested -> active):
  custom:video-decoder-ogg-theora: a1e56fd34408186e4bbccfd4996cb3dc -> 
  custom:container-muxer-webm: aa71ff27fc2769a1b78a27578f13a17b -> 
  custom:container-demuxer-webm: 4f35f7cbe854078d1ac9338744f61a02 -> 
  custom:video-encoder-webm-vp8: eb34c28f22e8b96e1ab97ce403110664 -> 
  custom:video-codec-MediaFoundation-h265: 746d11721c4dcdbdad8f713fa42b33f4 -> 
  custom:audio-encoder-webm-vorbis: bf7c407c2cedff20999df2af8eb42d56 -> 
  custom:framework-win-MediaFoundation: 216162199b28c13a410421893ffa2e32 -> 
  custom:container-demuxer-ogg: 62fdf1f143b41e24485cea50d1cbac27 -> 
  custom:video-decoder-webm-vp8: 9c59270c3fd7afecdb556c50c9e8de78 -> 
  custom:audio-decoder-ogg-vorbis: bf7c407c2cedff20999df2af8eb42d56 -> 
========================================================================
Received Prepare
Registering precompiled user dll's ...
Registered in 0.025873 seconds.
Begin MonoManager ReloadAssembly
Symbol file LoadedFromMemory doesn't match image C:\Users\User\Documents\TB\Time Bunny (prototype)\Library\PackageCache\com.unity.visualscripting@1.7.8\Editor\VisualScripting.Core\Dependencies\YamlDotNet\Unity.VisualScripting.YamlDotNet.dll
Symbol file LoadedFromMemory doesn't match image C:\Users\User\Documents\TB\Time Bunny (prototype)\Library\PackageCache\com.unity.visualscripting@1.7.8\Editor\VisualScripting.Core\Dependencies\DotNetZip\Unity.VisualScripting.IonicZip.dll
Native extension for UWP target not found
Native extension for LinuxStandalone target not found
Native extension for WindowsStandalone target not found
Native extension for AppleTV target not found
Native extension for iOS target not found
Native extension for Android target not found
Native extension for OSXStandalone target not found
Native extension for WebGL target not found
Refreshing native plugins compatible for Editor in 2.57 ms, found 3 plugins.
Preloading 0 native plugins for Editor in 0.00 ms.
Mono: successfully reloaded assembly
- Completed reload, in  9.401 seconds
Domain Reload Profiling:
	ReloadAssembly (9404ms)
		BeginReloadAssembly (1619ms)
			ExecutionOrderSort (0ms)
			DisableScriptedObjects (43ms)
			BackupInstance (0ms)
			ReleaseScriptingObjects (4ms)
			CreateAndSetChildDomain (330ms)
		EndReloadAssembly (7080ms)
			LoadAssemblies (1263ms)
			RebuildTransferFunctionScriptingTraits (1ms)
			SetupTypeCache (2089ms)
			ReleaseScriptCaches (4ms)
			RebuildScriptCaches (351ms)
			SetupLoadedEditorAssemblies (3231ms)
				LogAssemblyErrors (0ms)
				InitializePlatformSupportModulesInManaged (682ms)
				SetLoadedEditorAssemblies (3ms)
				RefreshPlugins (3ms)
				BeforeProcessingInitializeOnLoad (452ms)
				ProcessInitializeOnLoadAttributes (1809ms)
				ProcessInitializeOnLoadMethodAttributes (208ms)
				AfterProcessingInitializeOnLoad (74ms)
				EditorAssembliesLoaded (1ms)
			ExecutionOrderSort2 (0ms)
			AwakeInstancesAfterBackupRestoration (127ms)
Platform modules already initialized, skipping
Refreshing native plugins compatible for Editor in 15.19 ms, found 3 plugins.
Preloading 0 native plugins for Editor in 0.00 ms.
Unloading 3390 Unused Serialized files (Serialized files now loaded: 0)
Unloading 20 unused Assets / (80.2 KB). Loaded Objects now: 3918.
Memory consumption went from 123.8 MB to 123.8 MB.
Total: 26.838800 ms (FindLiveObjects: 7.200900 ms CreateObjectMapping: 0.543800 ms MarkObjects: 18.773300 ms  DeleteObjects: 0.317100 ms)

AssetImportParameters requested are different than current active one (requested -> active):
  custom:video-decoder-ogg-theora: a1e56fd34408186e4bbccfd4996cb3dc -> 
  custom:container-muxer-webm: aa71ff27fc2769a1b78a27578f13a17b -> 
  custom:container-demuxer-webm: 4f35f7cbe854078d1ac9338744f61a02 -> 
  custom:video-encoder-webm-vp8: eb34c28f22e8b96e1ab97ce403110664 -> 
  custom:video-codec-MediaFoundation-h265: 746d11721c4dcdbdad8f713fa42b33f4 -> 
  custom:audio-encoder-webm-vorbis: bf7c407c2cedff20999df2af8eb42d56 -> 
  custom:framework-win-MediaFoundation: 216162199b28c13a410421893ffa2e32 -> 
  custom:container-demuxer-ogg: 62fdf1f143b41e24485cea50d1cbac27 -> 
  custom:video-decoder-webm-vp8: 9c59270c3fd7afecdb556c50c9e8de78 -> 
  custom:audio-decoder-ogg-vorbis: bf7c407c2cedff20999df2af8eb42d56 -> 
========================================================================
Received Import Request.
  Time since last request: 310.765738 seconds.
  path: Assets/Animations/HoverPlatformDown.anim
  artifactKey: Guid(317a8345f17c5644fba442d8021de224) Importer(815301076,1909f56bfc062723c751e8b465ee728b)
Start importing Assets/Animations/HoverPlatformDown.anim using Guid(317a8345f17c5644fba442d8021de224) Importer(815301076,1909f56bfc062723c751e8b465ee728b)  -> (artifact id: '3d4b86ef18c952409cd1f559f602a8a4') in 0.152430 seconds 
========================================================================
Received Import Request.
  Time since last request: 2.022445 seconds.
  path: Assets/Animations/jumpPad (4).controller
  artifactKey: Guid(46a6bbd2db2e42f41a74fd1a2eb9823e) Importer(815301076,1909f56bfc062723c751e8b465ee728b)
Start importing Assets/Animations/jumpPad (4).controller using Guid(46a6bbd2db2e42f41a74fd1a2eb9823e) Importer(815301076,1909f56bfc062723c751e8b465ee728b)  -> (artifact id: '20466990dfba9914b63469c898b6f962') in 0.043711 seconds 
========================================================================
Received Import Request.
  Time since last request: 4.891000 seconds.
  path: Assets/Animations/HoverPlatformUp.anim
  artifactKey: Guid(094fe81189134304daa89ec65ede8bf0) Importer(815301076,1909f56bfc062723c751e8b465ee728b)
Start importing Assets/Animations/HoverPlatformUp.anim using Guid(094fe81189134304daa89ec65ede8bf0) Importer(815301076,1909f56bfc062723c751e8b465ee728b)  -> (artifact id: '2f507da79bf6f1eb6457766b5d63df9d') in 0.014236 seconds 
========================================================================
Received Prepare
Registering precompiled user dll's ...
Registered in 0.043489 seconds.
Begin MonoManager ReloadAssembly
Symbol file LoadedFromMemory doesn't match image C:\Users\User\Documents\TB\Time Bunny (prototype)\Library\PackageCache\com.unity.visualscripting@1.7.8\Editor\VisualScripting.Core\Dependencies\YamlDotNet\Unity.VisualScripting.YamlDotNet.dll
Symbol file LoadedFromMemory doesn't match image C:\Users\User\Documents\TB\Time Bunny (prototype)\Library\PackageCache\com.unity.visualscripting@1.7.8\Editor\VisualScripting.Core\Dependencies\DotNetZip\Unity.VisualScripting.IonicZip.dll
Native extension for UWP target not found
Native extension for LinuxStandalone target not found
Native extension for WindowsStandalone target not found
Native extension for AppleTV target not found
Native extension for iOS target not found
Native extension for Android target not found
Native extension for OSXStandalone target not found
Native extension for WebGL target not found
Refreshing native plugins compatible for Editor in 17.36 ms, found 3 plugins.
Preloading 0 native plugins for Editor in 0.00 ms.
Mono: successfully reloaded assembly
- Completed reload, in 10.004 seconds
Domain Reload Profiling:
	ReloadAssembly (10013ms)
		BeginReloadAssembly (1135ms)
			ExecutionOrderSort (0ms)
			DisableScriptedObjects (35ms)
			BackupInstance (0ms)
			ReleaseScriptingObjects (0ms)
			CreateAndSetChildDomain (223ms)
		EndReloadAssembly (7771ms)
			LoadAssemblies (1060ms)
			RebuildTransferFunctionScriptingTraits (0ms)
			SetupTypeCache (2176ms)
			ReleaseScriptCaches (7ms)
			RebuildScriptCaches (445ms)
			SetupLoadedEditorAssemblies (4095ms)
				LogAssemblyErrors (0ms)
				InitializePlatformSupportModulesInManaged (723ms)
				SetLoadedEditorAssemblies (2ms)
				RefreshPlugins (25ms)
				BeforeProcessingInitializeOnLoad (874ms)
				ProcessInitializeOnLoadAttributes (2252ms)
				ProcessInitializeOnLoadMethodAttributes (177ms)
				AfterProcessingInitializeOnLoad (42ms)
				EditorAssembliesLoaded (1ms)
			ExecutionOrderSort2 (0ms)
			AwakeInstancesAfterBackupRestoration (48ms)
Platform modules already initialized, skipping
Refreshing native plugins compatible for Editor in 11.07 ms, found 3 plugins.
Preloading 0 native plugins for Editor in 0.00 ms.
Unloading 3390 Unused Serialized files (Serialized files now loaded: 0)
Unloading 20 unused Assets / (80.0 KB). Loaded Objects now: 3921.
Memory consumption went from 123.9 MB to 123.8 MB.
Total: 192.112300 ms (FindLiveObjects: 1.605800 ms CreateObjectMapping: 1.497400 ms MarkObjects: 188.701700 ms  DeleteObjects: 0.303500 ms)

AssetImportParameters requested are different than current active one (requested -> active):
  custom:video-decoder-ogg-theora: a1e56fd34408186e4bbccfd4996cb3dc -> 
  custom:container-muxer-webm: aa71ff27fc2769a1b78a27578f13a17b -> 
  custom:container-demuxer-webm: 4f35f7cbe854078d1ac9338744f61a02 -> 
  custom:video-encoder-webm-vp8: eb34c28f22e8b96e1ab97ce403110664 -> 
  custom:video-codec-MediaFoundation-h265: 746d11721c4dcdbdad8f713fa42b33f4 -> 
  custom:audio-encoder-webm-vorbis: bf7c407c2cedff20999df2af8eb42d56 -> 
  custom:framework-win-MediaFoundation: 216162199b28c13a410421893ffa2e32 -> 
  custom:container-demuxer-ogg: 62fdf1f143b41e24485cea50d1cbac27 -> 
  custom:video-decoder-webm-vp8: 9c59270c3fd7afecdb556c50c9e8de78 -> 
  custom:audio-decoder-ogg-vorbis: bf7c407c2cedff20999df2af8eb42d56 -> 
========================================================================
Received Import Request.
  Time since last request: 156.343338 seconds.
  path: Assets/Animations/jumpPad (4).controller
  artifactKey: Guid(46a6bbd2db2e42f41a74fd1a2eb9823e) Importer(815301076,1909f56bfc062723c751e8b465ee728b)
Start importing Assets/Animations/jumpPad (4).controller using Guid(46a6bbd2db2e42f41a74fd1a2eb9823e) Importer(815301076,1909f56bfc062723c751e8b465ee728b)  -> (artifact id: 'f45eb21c75750493beaf78f73e3d1d82') in 0.116417 seconds 
========================================================================
Received Import Request.
  Time since last request: 87.940501 seconds.
  path: Assets/Scripts/affected by sensors (scripts)
  artifactKey: Guid(bded77caa31522a4c97e1bef50d4cd11) Importer(815301076,1909f56bfc062723c751e8b465ee728b)
Start importing Assets/Scripts/affected by sensors (scripts) using Guid(bded77caa31522a4c97e1bef50d4cd11) Importer(815301076,1909f56bfc062723c751e8b465ee728b)  -> (artifact id: 'acdf6c80341838c042a451d667ea6075') in 0.044265 seconds 
========================================================================
Received Import Request.
  Time since last request: 0.989186 seconds.
  path: Assets/Scripts/affected by sensors (scripts)/ObjectsAffectedBySensorsScript.cs
  artifactKey: Guid(301cdba363b7dfa479163257e26e5472) Importer(815301076,1909f56bfc062723c751e8b465ee728b)
Start importing Assets/Scripts/affected by sensors (scripts)/ObjectsAffectedBySensorsScript.cs using Guid(301cdba363b7dfa479163257e26e5472) Importer(815301076,1909f56bfc062723c751e8b465ee728b)  -> (artifact id: '028fda70d96639735e91afb6d490f04e') in 0.024266 seconds 
========================================================================
Received Import Request.
  Time since last request: 14.295591 seconds.
  path: Assets/Scripts/InteractionObjects/ObjectRotator.cs
  artifactKey: Guid(5b14279fd5af4e74aba8b67087967e16) Importer(815301076,1909f56bfc062723c751e8b465ee728b)
Start importing Assets/Scripts/InteractionObjects/ObjectRotator.cs using Guid(5b14279fd5af4e74aba8b67087967e16) Importer(815301076,1909f56bfc062723c751e8b465ee728b)  -> (artifact id: 'e8e8e0fd4081b2037271a25651113ff5') in 0.025600 seconds 
========================================================================
Received Prepare
Registering precompiled user dll's ...
Registered in 0.102442 seconds.
Begin MonoManager ReloadAssembly
Symbol file LoadedFromMemory doesn't match image C:\Users\User\Documents\TB\Time Bunny (prototype)\Library\PackageCache\com.unity.visualscripting@1.7.8\Editor\VisualScripting.Core\Dependencies\YamlDotNet\Unity.VisualScripting.YamlDotNet.dll
Symbol file LoadedFromMemory doesn't match image C:\Users\User\Documents\TB\Time Bunny (prototype)\Library\PackageCache\com.unity.visualscripting@1.7.8\Editor\VisualScripting.Core\Dependencies\DotNetZip\Unity.VisualScripting.IonicZip.dll
Native extension for UWP target not found
Native extension for LinuxStandalone target not found
Native extension for WindowsStandalone target not found
Native extension for AppleTV target not found
Native extension for iOS target not found
Native extension for Android target not found
Native extension for OSXStandalone target not found
Native extension for WebGL target not found
Refreshing native plugins compatible for Editor in 3.32 ms, found 3 plugins.
Preloading 0 native plugins for Editor in 0.00 ms.
Mono: successfully reloaded assembly
- Completed reload, in 10.025 seconds
Domain Reload Profiling:
	ReloadAssembly (10028ms)
		BeginReloadAssembly (2091ms)
			ExecutionOrderSort (0ms)
			DisableScriptedObjects (44ms)
			BackupInstance (0ms)
			ReleaseScriptingObjects (1ms)
			CreateAndSetChildDomain (240ms)
		EndReloadAssembly (6357ms)
			LoadAssemblies (1886ms)
			RebuildTransferFunctionScriptingTraits (0ms)
			SetupTypeCache (1654ms)
			ReleaseScriptCaches (6ms)
			RebuildScriptCaches (577ms)
			SetupLoadedEditorAssemblies (3040ms)
				LogAssemblyErrors (0ms)
				InitializePlatformSupportModulesInManaged (428ms)
				SetLoadedEditorAssemblies (14ms)
				RefreshPlugins (4ms)
				BeforeProcessingInitializeOnLoad (722ms)
				ProcessInitializeOnLoadAttributes (1665ms)
				ProcessInitializeOnLoadMethodAttributes (154ms)
				AfterProcessingInitializeOnLoad (53ms)
				EditorAssembliesLoaded (1ms)
			ExecutionOrderSort2 (0ms)
			AwakeInstancesAfterBackupRestoration (59ms)
Platform modules already initialized, skipping
Refreshing native plugins compatible for Editor in 28.24 ms, found 3 plugins.
Preloading 0 native plugins for Editor in 0.00 ms.
Unloading 3390 Unused Serialized files (Serialized files now loaded: 0)
Unloading 20 unused Assets / (80.1 KB). Loaded Objects now: 3924.
Memory consumption went from 124.0 MB to 123.9 MB.
Total: 19.424800 ms (FindLiveObjects: 1.361100 ms CreateObjectMapping: 1.500700 ms MarkObjects: 15.640500 ms  DeleteObjects: 0.920500 ms)

AssetImportParameters requested are different than current active one (requested -> active):
  custom:video-decoder-ogg-theora: a1e56fd34408186e4bbccfd4996cb3dc -> 
  custom:container-muxer-webm: aa71ff27fc2769a1b78a27578f13a17b -> 
  custom:container-demuxer-webm: 4f35f7cbe854078d1ac9338744f61a02 -> 
  custom:video-encoder-webm-vp8: eb34c28f22e8b96e1ab97ce403110664 -> 
  custom:video-codec-MediaFoundation-h265: 746d11721c4dcdbdad8f713fa42b33f4 -> 
  custom:audio-encoder-webm-vorbis: bf7c407c2cedff20999df2af8eb42d56 -> 
  custom:framework-win-MediaFoundation: 216162199b28c13a410421893ffa2e32 -> 
  custom:container-demuxer-ogg: 62fdf1f143b41e24485cea50d1cbac27 -> 
  custom:video-decoder-webm-vp8: 9c59270c3fd7afecdb556c50c9e8de78 -> 
  custom:audio-decoder-ogg-vorbis: bf7c407c2cedff20999df2af8eb42d56 -> 
========================================================================
Received Prepare
Registering precompiled user dll's ...
Registered in 0.147748 seconds.
Begin MonoManager ReloadAssembly
Symbol file LoadedFromMemory doesn't match image C:\Users\User\Documents\TB\Time Bunny (prototype)\Library\PackageCache\com.unity.visualscripting@1.7.8\Editor\VisualScripting.Core\Dependencies\YamlDotNet\Unity.VisualScripting.YamlDotNet.dll
Symbol file LoadedFromMemory doesn't match image C:\Users\User\Documents\TB\Time Bunny (prototype)\Library\PackageCache\com.unity.visualscripting@1.7.8\Editor\VisualScripting.Core\Dependencies\DotNetZip\Unity.VisualScripting.IonicZip.dll
Native extension for UWP target not found
Native extension for LinuxStandalone target not found
Native extension for WindowsStandalone target not found
Native extension for AppleTV target not found
Native extension for iOS target not found
Native extension for Android target not found
Native extension for OSXStandalone target not found
Native extension for WebGL target not found
Refreshing native plugins compatible for Editor in 9.02 ms, found 3 plugins.
Preloading 0 native plugins for Editor in 0.00 ms.
Mono: successfully reloaded assembly
- Completed reload, in 11.800 seconds
Domain Reload Profiling:
	ReloadAssembly (11805ms)
		BeginReloadAssembly (1642ms)
			ExecutionOrderSort (0ms)
			DisableScriptedObjects (129ms)
			BackupInstance (0ms)
			ReleaseScriptingObjects (0ms)
			CreateAndSetChildDomain (431ms)
		EndReloadAssembly (9096ms)
			LoadAssemblies (1045ms)
			RebuildTransferFunctionScriptingTraits (1ms)
			SetupTypeCache (1980ms)
			ReleaseScriptCaches (15ms)
			RebuildScriptCaches (347ms)
			SetupLoadedEditorAssemblies (5388ms)
				LogAssemblyErrors (0ms)
				InitializePlatformSupportModulesInManaged (774ms)
				SetLoadedEditorAssemblies (9ms)
				RefreshPlugins (10ms)
				BeforeProcessingInitializeOnLoad (1069ms)
				ProcessInitializeOnLoadAttributes (3026ms)
				ProcessInitializeOnLoadMethodAttributes (436ms)
				AfterProcessingInitializeOnLoad (63ms)
				EditorAssembliesLoaded (1ms)
			ExecutionOrderSort2 (0ms)
			AwakeInstancesAfterBackupRestoration (117ms)
Platform modules already initialized, skipping
Refreshing native plugins compatible for Editor in 8.35 ms, found 3 plugins.
Preloading 0 native plugins for Editor in 0.00 ms.
Unloading 3390 Unused Serialized files (Serialized files now loaded: 0)
Unloading 20 unused Assets / (79.9 KB). Loaded Objects now: 3927.
Memory consumption went from 124.0 MB to 123.9 MB.
Total: 21.170100 ms (FindLiveObjects: 1.298200 ms CreateObjectMapping: 0.452500 ms MarkObjects: 18.369400 ms  DeleteObjects: 1.046400 ms)

AssetImportParameters requested are different than current active one (requested -> active):
  custom:video-decoder-ogg-theora: a1e56fd34408186e4bbccfd4996cb3dc -> 
  custom:container-muxer-webm: aa71ff27fc2769a1b78a27578f13a17b -> 
  custom:container-demuxer-webm: 4f35f7cbe854078d1ac9338744f61a02 -> 
  custom:video-encoder-webm-vp8: eb34c28f22e8b96e1ab97ce403110664 -> 
  custom:video-codec-MediaFoundation-h265: 746d11721c4dcdbdad8f713fa42b33f4 -> 
  custom:audio-encoder-webm-vorbis: bf7c407c2cedff20999df2af8eb42d56 -> 
  custom:framework-win-MediaFoundation: 216162199b28c13a410421893ffa2e32 -> 
  custom:container-demuxer-ogg: 62fdf1f143b41e24485cea50d1cbac27 -> 
  custom:video-decoder-webm-vp8: 9c59270c3fd7afecdb556c50c9e8de78 -> 
  custom:audio-decoder-ogg-vorbis: bf7c407c2cedff20999df2af8eb42d56 -> 
========================================================================
Received Prepare
Registering precompiled user dll's ...
Registered in 0.025185 seconds.
Begin MonoManager ReloadAssembly
Symbol file LoadedFromMemory doesn't match image C:\Users\User\Documents\TB\Time Bunny (prototype)\Library\PackageCache\com.unity.visualscripting@1.7.8\Editor\VisualScripting.Core\Dependencies\YamlDotNet\Unity.VisualScripting.YamlDotNet.dll
Symbol file LoadedFromMemory doesn't match image C:\Users\User\Documents\TB\Time Bunny (prototype)\Library\PackageCache\com.unity.visualscripting@1.7.8\Editor\VisualScripting.Core\Dependencies\DotNetZip\Unity.VisualScripting.IonicZip.dll
Native extension for UWP target not found
Native extension for LinuxStandalone target not found
Native extension for WindowsStandalone target not found
Native extension for AppleTV target not found
Native extension for iOS target not found
Native extension for Android target not found
Native extension for OSXStandalone target not found
Native extension for WebGL target not found
Refreshing native plugins compatible for Editor in 2.04 ms, found 3 plugins.
Preloading 0 native plugins for Editor in 0.00 ms.
Mono: successfully reloaded assembly
- Completed reload, in  8.041 seconds
Domain Reload Profiling:
	ReloadAssembly (8055ms)
		BeginReloadAssembly (819ms)
			ExecutionOrderSort (0ms)
			DisableScriptedObjects (35ms)
			BackupInstance (0ms)
			ReleaseScriptingObjects (0ms)
			CreateAndSetChildDomain (199ms)
		EndReloadAssembly (6684ms)
			LoadAssemblies (635ms)
			RebuildTransferFunctionScriptingTraits (0ms)
			SetupTypeCache (1672ms)
			ReleaseScriptCaches (4ms)
			RebuildScriptCaches (266ms)
			SetupLoadedEditorAssemblies (3738ms)
				LogAssemblyErrors (0ms)
				InitializePlatformSupportModulesInManaged (310ms)
				SetLoadedEditorAssemblies (1ms)
				RefreshPlugins (2ms)
				BeforeProcessingInitializeOnLoad (418ms)
				ProcessInitializeOnLoadAttributes (2670ms)
				ProcessInitializeOnLoadMethodAttributes (286ms)
				AfterProcessingInitializeOnLoad (49ms)
				EditorAssembliesLoaded (1ms)
			ExecutionOrderSort2 (0ms)
			AwakeInstancesAfterBackupRestoration (70ms)
Platform modules already initialized, skipping
Refreshing native plugins compatible for Editor in 10.39 ms, found 3 plugins.
Preloading 0 native plugins for Editor in 0.00 ms.
Unloading 3390 Unused Serialized files (Serialized files now loaded: 0)
Unloading 20 unused Assets / (80.0 KB). Loaded Objects now: 3930.
Memory consumption went from 123.9 MB to 123.8 MB.
Total: 9.254400 ms (FindLiveObjects: 0.605600 ms CreateObjectMapping: 0.723700 ms MarkObjects: 7.200200 ms  DeleteObjects: 0.722200 ms)

AssetImportParameters requested are different than current active one (requested -> active):
  custom:video-decoder-ogg-theora: a1e56fd34408186e4bbccfd4996cb3dc -> 
  custom:container-muxer-webm: aa71ff27fc2769a1b78a27578f13a17b -> 
  custom:container-demuxer-webm: 4f35f7cbe854078d1ac9338744f61a02 -> 
  custom:video-encoder-webm-vp8: eb34c28f22e8b96e1ab97ce403110664 -> 
  custom:video-codec-MediaFoundation-h265: 746d11721c4dcdbdad8f713fa42b33f4 -> 
  custom:audio-encoder-webm-vorbis: bf7c407c2cedff20999df2af8eb42d56 -> 
  custom:framework-win-MediaFoundation: 216162199b28c13a410421893ffa2e32 -> 
  custom:container-demuxer-ogg: 62fdf1f143b41e24485cea50d1cbac27 -> 
  custom:video-decoder-webm-vp8: 9c59270c3fd7afecdb556c50c9e8de78 -> 
  custom:audio-decoder-ogg-vorbis: bf7c407c2cedff20999df2af8eb42d56 -> 
